<testsuites id="" name="" tests="3" failures="1" skipped="0" errors="0" time="11.600201">
<testsuite name="smoke\00-basic-functionality.spec.js" timestamp="2025-09-18T22:26:59.498Z" hostname="chromium" tests="3" failures="1" skipped="0" time="13.85" errors="0">
<testcase name="Basic Functionality â€º Application loads and initializes correctly" classname="smoke\00-basic-functionality.spec.js" time="7.245">
<failure message="00-basic-functionality.spec.js:14:3 Application loads and initializes correctly" type="FAILURE">
<![CDATA[  [chromium] â€º smoke\00-basic-functionality.spec.js:14:3 â€º Basic Functionality â€º Application loads and initializes correctly 

    Error: expect(locator).toBeVisible() failed

    Locator:  locator('button:has-text("Overview")').first()
    Expected: visible
    Received: hidden
    Timeout:  5000ms

    Call log:
      - Expect "toBeVisible" with timeout 5000ms
      - waiting for locator('button:has-text("Overview")').first()
        9 Ã— locator resolved to <button @click="active990Tab = 'overview'" class="whitespace-nowrap py-2 px-1 border-b-2 font-medium text-sm border-blue-500 text-blue-600 dark:text-blue-400" :class="active990Tab === 'overview' ? 'border-blue-500 text-blue-600 dark:text-blue-400' : 'border-transparent text-gray-500 hover:text-gray-700 dark:text-gray-400'">â†µ                                        Overviewâ€¦</button>
          - unexpected value "hidden"


      34 |     // Check for main navigation elements
      35 |     const overviewTab = page.locator('button:has-text("Overview")').first();
    > 36 |     await expect(overviewTab).toBeVisible({ timeout: 5000 });
         |                               ^
      37 |     console.log('âœ… Navigation visible');
      38 |     
      39 |     // Test navigation by clicking Overview tab
        at C:\Users\cotte\Documents\Home\03_Dad\_Projects\2025\ClaudeCode\Grant_Automation\tests\playwright\tests\smoke\00-basic-functionality.spec.js:36:31

    attachment #1: screenshot (image/png) â”€â”€â”€â”€â”€â”€â”€â”€â”€â”€â”€â”€â”€â”€â”€â”€â”€â”€â”€â”€â”€â”€â”€â”€â”€â”€â”€â”€â”€â”€â”€â”€â”€â”€â”€â”€â”€â”€â”€â”€â”€â”€â”€â”€â”€â”€â”€â”€â”€â”€â”€â”€â”€â”€â”€â”€â”€â”€
    ..\test-results\smoke-00-basic-functionali-6e889-s-and-initializes-correctly-chromium\test-failed-1.png
    â”€â”€â”€â”€â”€â”€â”€â”€â”€â”€â”€â”€â”€â”€â”€â”€â”€â”€â”€â”€â”€â”€â”€â”€â”€â”€â”€â”€â”€â”€â”€â”€â”€â”€â”€â”€â”€â”€â”€â”€â”€â”€â”€â”€â”€â”€â”€â”€â”€â”€â”€â”€â”€â”€â”€â”€â”€â”€â”€â”€â”€â”€â”€â”€â”€â”€â”€â”€â”€â”€â”€â”€â”€â”€â”€â”€â”€â”€â”€â”€â”€â”€â”€â”€â”€â”€â”€â”€â”€â”€â”€â”€â”€â”€â”€â”€

    attachment #2: video (video/webm) â”€â”€â”€â”€â”€â”€â”€â”€â”€â”€â”€â”€â”€â”€â”€â”€â”€â”€â”€â”€â”€â”€â”€â”€â”€â”€â”€â”€â”€â”€â”€â”€â”€â”€â”€â”€â”€â”€â”€â”€â”€â”€â”€â”€â”€â”€â”€â”€â”€â”€â”€â”€â”€â”€â”€â”€â”€â”€â”€â”€â”€â”€
    ..\test-results\smoke-00-basic-functionali-6e889-s-and-initializes-correctly-chromium\video.webm
    â”€â”€â”€â”€â”€â”€â”€â”€â”€â”€â”€â”€â”€â”€â”€â”€â”€â”€â”€â”€â”€â”€â”€â”€â”€â”€â”€â”€â”€â”€â”€â”€â”€â”€â”€â”€â”€â”€â”€â”€â”€â”€â”€â”€â”€â”€â”€â”€â”€â”€â”€â”€â”€â”€â”€â”€â”€â”€â”€â”€â”€â”€â”€â”€â”€â”€â”€â”€â”€â”€â”€â”€â”€â”€â”€â”€â”€â”€â”€â”€â”€â”€â”€â”€â”€â”€â”€â”€â”€â”€â”€â”€â”€â”€â”€â”€

    Error Context: ..\test-results\smoke-00-basic-functionali-6e889-s-and-initializes-correctly-chromium\error-context.md
]]>
</failure>
<system-out>
<![CDATA[ðŸš€ Testing basic application functionality...
âœ… Page title correct
âœ… Alpine.js initialized

[[ATTACHMENT|..\test-results\smoke-00-basic-functionali-6e889-s-and-initializes-correctly-chromium\test-failed-1.png]]

[[ATTACHMENT|..\test-results\smoke-00-basic-functionali-6e889-s-and-initializes-correctly-chromium\video.webm]]

[[ATTACHMENT|..\test-results\smoke-00-basic-functionali-6e889-s-and-initializes-correctly-chromium\error-context.md]]
]]>
</system-out>
</testcase>
<testcase name="Basic Functionality â€º Error handling works" classname="smoke\00-basic-functionality.spec.js" time="4.411">
<system-out>
<![CDATA[ðŸ§ª Testing error handling...
âœ… Application remains functional after errors
]]>
</system-out>
</testcase>
<testcase name="Basic Functionality â€º Performance is acceptable" classname="smoke\00-basic-functionality.spec.js" time="2.194">
<system-out>
<![CDATA[âš¡ Testing performance...
âœ… Page loaded in 1503ms
ðŸ“Š DOM Content Loaded: 13.900000095367432ms
ðŸ“Š Load Complete: 0ms
]]>
</system-out>
</testcase>
</testsuite>
</testsuites>