<testsuites id="" name="" tests="10" failures="4" skipped="0" errors="0" time="66.936962">
<testsuite name="phase9\01-tool-migration-validation.spec.js" timestamp="2025-10-07T13:54:07.349Z" hostname="chromium" tests="10" failures="4" skipped="0" time="310.925" errors="0">
<testcase name="Phase 9: Tool Migration Validation › Tool Registry API returns 22+ operational tools" classname="phase9\01-tool-migration-validation.spec.js" time="36.02">
<failure message="01-tool-migration-validation.spec.js:32:3 Tool Registry API returns 22+ operational tools" type="FAILURE">
<![CDATA[  [chromium] › phase9\01-tool-migration-validation.spec.js:32:3 › Phase 9: Tool Migration Validation › Tool Registry API returns 22+ operational tools 

    Error: expect(received).toContain(expected) // indexOf

    Expected value: "Opportunity Screening Tool"
    Received array: ["BMF Discovery Tool", "Data Export Tool", "Data Validator Tool", "Deep Intelligence Tool", "EIN Validator Tool", "Financial Intelligence Tool", "Form 990 Analysis Tool", "Form 990 ProPublica Tool", "Foundation Grant Intelligence Tool", "Grant Package Generator Tool", …]

      47 |     const toolNames = data.tools.map(t => t.name || t.tool_name);
      48 |     expect(toolNames).toContain('XML 990 Parser Tool');
    > 49 |     expect(toolNames).toContain('Opportunity Screening Tool');
         |                       ^
      50 |     expect(toolNames).toContain('Deep Intelligence Tool');
      51 |
      52 |     console.log('✅ Tool registry validated');
        at C:\Users\cotte\Documents\Home\03_Dad\_Projects\2025\ClaudeCode\Grant_Automation\tests\playwright\tests\phase9\01-tool-migration-validation.spec.js:49:23

    attachment #1: screenshot (image/png) ──────────────────────────────────────────────────────────
    ..\test-results\phase9-01-tool-migration-v-dcb4d-eturns-22-operational-tools-chromium\test-failed-1.png
    ────────────────────────────────────────────────────────────────────────────────────────────────

    attachment #2: video (video/webm) ──────────────────────────────────────────────────────────────
    ..\test-results\phase9-01-tool-migration-v-dcb4d-eturns-22-operational-tools-chromium\video.webm
    ────────────────────────────────────────────────────────────────────────────────────────────────

    Error Context: ..\test-results\phase9-01-tool-migration-v-dcb4d-eturns-22-operational-tools-chromium\error-context.md
]]>
</failure>
<system-out>
<![CDATA[🧪 Testing tool registry API...
📊 Found 22 tools

[[ATTACHMENT|..\test-results\phase9-01-tool-migration-v-dcb4d-eturns-22-operational-tools-chromium\test-failed-1.png]]

[[ATTACHMENT|..\test-results\phase9-01-tool-migration-v-dcb4d-eturns-22-operational-tools-chromium\video.webm]]

[[ATTACHMENT|..\test-results\phase9-01-tool-migration-v-dcb4d-eturns-22-operational-tools-chromium\error-context.md]]
]]>
</system-out>
</testcase>
<testcase name="Phase 9: Tool Migration Validation › Tool categories are properly organized" classname="phase9\01-tool-migration-validation.spec.js" time="35.301">
<system-out>
<![CDATA[🧪 Testing tool categorization...
📂 Tool categories: {
  uncategorized: [33m3[39m,
  utilities: [33m1[39m,
  validation: [33m2[39m,
  intelligence: [33m6[39m,
  analysis: [33m3[39m,
  package_assembly: [33m1[39m,
  scoring: [33m1[39m,
  reporting: [33m1[39m,
  parsing: [33m4[39m
}
✅ Categories validated
]]>
</system-out>
</testcase>
<testcase name="Phase 9: Tool Migration Validation › Tool 1: Opportunity Screening Tool is operational" classname="phase9\01-tool-migration-validation.spec.js" time="35.594">
<system-out>
<![CDATA[🧪 Testing Tool 1: Opportunity Screening...
ℹ️ Tool endpoint may use different pattern
]]>
</system-out>
</testcase>
<testcase name="Phase 9: Tool Migration Validation › Tool 2: Deep Intelligence Tool is operational" classname="phase9\01-tool-migration-validation.spec.js" time="35.47">
<system-out>
<![CDATA[🧪 Testing Tool 2: Deep Intelligence...
ℹ️ Tool endpoint may use different pattern
]]>
</system-out>
</testcase>
<testcase name="Phase 9: Tool Migration Validation › Intelligence tools (10-22) are listed in registry" classname="phase9\01-tool-migration-validation.spec.js" time="35.506">
<system-out>
<![CDATA[🧪 Testing intelligence tools availability...
📊 Found 13/13 intelligence tools
✅ Intelligence tools validated
]]>
</system-out>
</testcase>
<testcase name="Phase 9: Tool Migration Validation › Tool 17: BMF Discovery Tool is operational" classname="phase9\01-tool-migration-validation.spec.js" time="44.99">
<failure message="01-tool-migration-validation.spec.js:143:3 Tool 17: BMF Discovery Tool is operational" type="FAILURE">
<![CDATA[  [chromium] › phase9\01-tool-migration-validation.spec.js:143:3 › Phase 9: Tool Migration Validation › Tool 17: BMF Discovery Tool is operational 

    TimeoutError: page.goto: Timeout 30000ms exceeded.
    Call log:
      - navigating to "http://localhost:8000/", waiting until "load"


      145 |
      146 |     // Navigate to discovery tab
    > 147 |     await page.goto('http://localhost:8000');
          |                ^
      148 |     await page.waitForFunction(() => window.catalynxApp, { timeout: 10000 });
      149 |
      150 |     // Look for BMF discovery functionality in UI
        at C:\Users\cotte\Documents\Home\03_Dad\_Projects\2025\ClaudeCode\Grant_Automation\tests\playwright\tests\phase9\01-tool-migration-validation.spec.js:147:16

    attachment #1: video (video/webm) ──────────────────────────────────────────────────────────────
    ..\test-results\phase9-01-tool-migration-v-fb66f-scovery-Tool-is-operational-chromium\video.webm
    ────────────────────────────────────────────────────────────────────────────────────────────────

    Error Context: ..\test-results\phase9-01-tool-migration-v-fb66f-scovery-Tool-is-operational-chromium\error-context.md
]]>
</failure>
<system-out>
<![CDATA[🧪 Testing Tool 17: BMF Discovery...

[[ATTACHMENT|..\test-results\phase9-01-tool-migration-v-fb66f-scovery-Tool-is-operational-chromium\video.webm]]

[[ATTACHMENT|..\test-results\phase9-01-tool-migration-v-fb66f-scovery-Tool-is-operational-chromium\error-context.md]]
]]>
</system-out>
</testcase>
<testcase name="Phase 9: Tool Migration Validation › Tool 25: Web Intelligence Tool integration" classname="phase9\01-tool-migration-validation.spec.js" time="26.692">
<failure message="01-tool-migration-validation.spec.js:166:3 Tool 25: Web Intelligence Tool integration" type="FAILURE">
<![CDATA[  [chromium] › phase9\01-tool-migration-validation.spec.js:166:3 › Phase 9: Tool Migration Validation › Tool 25: Web Intelligence Tool integration 

    Error: expect(locator).toBeVisible() failed

    Locator:  locator('button:has-text("Create Profile"), button:has-text("New Profile")').first()
    Expected: visible
    Received: hidden
    Timeout:  5000ms

    Call log:
      - Expect "soft toBeVisible" with timeout 5000ms
      - waiting for locator('button:has-text("Create Profile"), button:has-text("New Profile")').first()
        9 × locator resolved to <button @click="openCreateModal()" class="px-4 py-2 bg-white text-purple-600 rounded-lg hover:bg-purple-50 transition-colors font-medium">↵                                + New Profile↵  …</button>
          - unexpected value "hidden"


      180 |     // Web Intelligence Tool integrates with profile creation
      181 |     const createProfileBtn = page.locator('button:has-text("Create Profile"), button:has-text("New Profile")').first();
    > 182 |     await expect.soft(createProfileBtn).toBeVisible({ timeout: 5000 });
          |                                         ^
      183 |
      184 |     console.log('✅ Web Intelligence integration points available');
      185 |   });
        at C:\Users\cotte\Documents\Home\03_Dad\_Projects\2025\ClaudeCode\Grant_Automation\tests\playwright\tests\phase9\01-tool-migration-validation.spec.js:182:41

    attachment #1: screenshot (image/png) ──────────────────────────────────────────────────────────
    ..\test-results\phase9-01-tool-migration-v-6c42d-telligence-Tool-integration-chromium\test-failed-1.png
    ────────────────────────────────────────────────────────────────────────────────────────────────

    attachment #2: video (video/webm) ──────────────────────────────────────────────────────────────
    ..\test-results\phase9-01-tool-migration-v-6c42d-telligence-Tool-integration-chromium\video.webm
    ────────────────────────────────────────────────────────────────────────────────────────────────

    Error Context: ..\test-results\phase9-01-tool-migration-v-6c42d-telligence-Tool-integration-chromium\error-context.md
]]>
</failure>
<system-out>
<![CDATA[🧪 Testing Tool 25: Web Intelligence...
✅ Web Intelligence integration points available

[[ATTACHMENT|..\test-results\phase9-01-tool-migration-v-6c42d-telligence-Tool-integration-chromium\test-failed-1.png]]

[[ATTACHMENT|..\test-results\phase9-01-tool-migration-v-6c42d-telligence-Tool-integration-chromium\video.webm]]

[[ATTACHMENT|..\test-results\phase9-01-tool-migration-v-6c42d-telligence-Tool-integration-chromium\error-context.md]]
]]>
</system-out>
</testcase>
<testcase name="Phase 9: Tool Migration Validation › No console errors from legacy processor imports" classname="phase9\01-tool-migration-validation.spec.js" time="24.101">
<system-out>
<![CDATA[🧪 Testing for legacy processor errors...
📊 Found 0 processor-related errors
✅ No legacy processor errors detected
]]>
</system-out>
</testcase>
<testcase name="Phase 9: Tool Migration Validation › Tool-based workflow replaces processor workflow" classname="phase9\01-tool-migration-validation.spec.js" time="21.457">
<failure message="01-tool-migration-validation.spec.js:216:3 Tool-based workflow replaces processor workflow" type="FAILURE">
<![CDATA[  [chromium] › phase9\01-tool-migration-validation.spec.js:216:3 › Phase 9: Tool Migration Validation › Tool-based workflow replaces processor workflow 

    Error: expect(received).toBeTruthy()

    Received: false

      226 |     });
      227 |
    > 228 |     expect(appHasTools).toBeTruthy();
          |                         ^
      229 |
      230 |     // Navigate through tabs to ensure tool-based workflow
      231 |     const tabs = ['profiles', 'discover', 'intelligence', 'screening'];
        at C:\Users\cotte\Documents\Home\03_Dad\_Projects\2025\ClaudeCode\Grant_Automation\tests\playwright\tests\phase9\01-tool-migration-validation.spec.js:228:25

    attachment #1: screenshot (image/png) ──────────────────────────────────────────────────────────
    ..\test-results\phase9-01-tool-migration-v-a4079-replaces-processor-workflow-chromium\test-failed-1.png
    ────────────────────────────────────────────────────────────────────────────────────────────────

    attachment #2: video (video/webm) ──────────────────────────────────────────────────────────────
    ..\test-results\phase9-01-tool-migration-v-a4079-replaces-processor-workflow-chromium\video.webm
    ────────────────────────────────────────────────────────────────────────────────────────────────

    Error Context: ..\test-results\phase9-01-tool-migration-v-a4079-replaces-processor-workflow-chromium\error-context.md
]]>
</failure>
<system-out>
<![CDATA[🧪 Testing tool-based workflow architecture...

[[ATTACHMENT|..\test-results\phase9-01-tool-migration-v-a4079-replaces-processor-workflow-chromium\test-failed-1.png]]

[[ATTACHMENT|..\test-results\phase9-01-tool-migration-v-a4079-replaces-processor-workflow-chromium\video.webm]]

[[ATTACHMENT|..\test-results\phase9-01-tool-migration-v-a4079-replaces-processor-workflow-chromium\error-context.md]]
]]>
</system-out>
</testcase>
<testcase name="Phase 9: Tool Migration Validation › Health check confirms operational status" classname="phase9\01-tool-migration-validation.spec.js" time="15.794">
<system-out>
<![CDATA[🧪 Testing system health endpoint...
📊 System status: healthy
✅ Health check passed
]]>
</system-out>
</testcase>
</testsuite>
</testsuites>